[ INFO ] [2015-09-23 15:29:38] com.tiza.handler.tlbs.TlbsHandler.nioEventLoopGroup-2-1 [34] - 建立连接...
[ INFO ] [2015-09-23 15:29:38] com.tiza.handler.tlbs.TlbsHandler.nioEventLoopGroup-2-1 [44] - 发送登录指令...
[ INFO ] [2015-09-23 15:29:39] com.tiza.handler.tlbs.TlbsHandler.nioEventLoopGroup-2-1 [50] - 收到消息...
[ INFO ] [2015-09-23 15:29:39] com.tiza.handler.tlbs.TlbsHandler.nioEventLoopGroup-2-1 [82] - ip: 192.168.1.19, port: 8888
[ INFO ] [2015-09-23 15:29:41] com.tiza.handler.gateway.GwHandler.nioEventLoopGroup-3-1 [32] - 发送数据到网关...
[ INFO ] [2015-09-23 15:29:51] com.tiza.handler.gateway.GwHandler.nioEventLoopGroup-3-1 [32] - 发送数据到网关...
[ INFO ] [2015-09-23 15:30:01] com.tiza.handler.gateway.GwHandler.nioEventLoopGroup-3-1 [32] - 发送数据到网关...
[ INFO ] [2015-09-23 15:30:11] com.tiza.handler.gateway.GwHandler.nioEventLoopGroup-3-1 [32] - 发送数据到网关...
[ INFO ] [2015-09-23 15:30:21] com.tiza.handler.gateway.GwHandler.nioEventLoopGroup-3-1 [32] - 发送数据到网关...
[ INFO ] [2015-09-23 15:30:31] com.tiza.handler.gateway.GwHandler.nioEventLoopGroup-3-1 [32] - 发送数据到网关...
[ INFO ] [2015-09-23 15:30:41] com.tiza.handler.gateway.GwHandler.nioEventLoopGroup-3-1 [32] - 发送数据到网关...
[ INFO ] [2015-09-23 15:30:51] com.tiza.handler.gateway.GwHandler.nioEventLoopGroup-3-1 [32] - 发送数据到网关...
[ INFO ] [2015-09-23 15:31:06] com.tiza.handler.tlbs.TlbsHandler.nioEventLoopGroup-2-1 [34] - 建立连接...
[ INFO ] [2015-09-23 15:31:07] com.tiza.handler.tlbs.TlbsHandler.nioEventLoopGroup-2-1 [44] - 发送登录指令...
[ INFO ] [2015-09-23 15:31:07] com.tiza.handler.tlbs.TlbsHandler.nioEventLoopGroup-2-1 [50] - 收到消息...
[ INFO ] [2015-09-23 15:31:07] com.tiza.handler.tlbs.TlbsHandler.nioEventLoopGroup-2-1 [99] - 10秒后准备重连...
[ INFO ] [2015-09-23 15:31:17] com.tiza.handler.tlbs.TlbsHandler.nioEventLoopGroup-3-1 [34] - 建立连接...
[ INFO ] [2015-09-23 15:31:17] com.tiza.handler.tlbs.TlbsHandler.nioEventLoopGroup-3-1 [44] - 发送登录指令...
[ INFO ] [2015-09-23 15:31:17] com.tiza.handler.tlbs.TlbsHandler.nioEventLoopGroup-3-1 [50] - 收到消息...
[ INFO ] [2015-09-23 15:31:17] com.tiza.handler.tlbs.TlbsHandler.nioEventLoopGroup-3-1 [99] - 10秒后准备重连...
[ INFO ] [2015-09-23 15:31:27] com.tiza.handler.tlbs.TlbsHandler.nioEventLoopGroup-4-1 [34] - 建立连接...
[ INFO ] [2015-09-23 15:31:27] com.tiza.handler.tlbs.TlbsHandler.nioEventLoopGroup-4-1 [44] - 发送登录指令...
[ INFO ] [2015-09-23 15:31:27] com.tiza.handler.tlbs.TlbsHandler.nioEventLoopGroup-4-1 [50] - 收到消息...
[ INFO ] [2015-09-23 15:31:27] com.tiza.handler.tlbs.TlbsHandler.nioEventLoopGroup-4-1 [82] - ip: 192.168.1.19, port: 8888
[ INFO ] [2015-09-23 15:31:28] com.tiza.handler.gateway.GwHandler.nioEventLoopGroup-5-1 [32] - 发送数据到网关...
[ INFO ] [2015-09-23 15:31:35] com.tiza.client.GwClient.pool-1-thread-1 [67] - 正在重连...
[ INFO ] [2015-09-23 15:45:50] com.tiza.handler.tlbs.TlbsHandler.nioEventLoopGroup-2-1 [34] - 建立连接...
[ INFO ] [2015-09-23 15:45:50] com.tiza.handler.tlbs.TlbsHandler.nioEventLoopGroup-2-1 [44] - 发送登录指令...
[ INFO ] [2015-09-23 15:45:51] com.tiza.handler.tlbs.TlbsHandler.nioEventLoopGroup-2-1 [50] - 收到消息...
[ INFO ] [2015-09-23 15:45:51] com.tiza.handler.tlbs.TlbsHandler.nioEventLoopGroup-2-1 [99] - 10秒后准备重连...
[ INFO ] [2015-09-23 15:46:01] com.tiza.handler.tlbs.TlbsHandler.nioEventLoopGroup-3-1 [34] - 建立连接...
[ INFO ] [2015-09-23 15:46:01] com.tiza.handler.tlbs.TlbsHandler.nioEventLoopGroup-3-1 [44] - 发送登录指令...
[ INFO ] [2015-09-23 15:46:01] com.tiza.handler.tlbs.TlbsHandler.nioEventLoopGroup-3-1 [50] - 收到消息...
[ INFO ] [2015-09-23 15:46:01] com.tiza.handler.tlbs.TlbsHandler.nioEventLoopGroup-3-1 [99] - 10秒后准备重连...
[ INFO ] [2015-09-23 15:46:11] com.tiza.handler.tlbs.TlbsHandler.nioEventLoopGroup-4-1 [34] - 建立连接...
[ INFO ] [2015-09-23 15:46:11] com.tiza.handler.tlbs.TlbsHandler.nioEventLoopGroup-4-1 [44] - 发送登录指令...
[ INFO ] [2015-09-23 15:46:11] com.tiza.handler.tlbs.TlbsHandler.nioEventLoopGroup-4-1 [50] - 收到消息...
[ INFO ] [2015-09-23 15:46:11] com.tiza.handler.tlbs.TlbsHandler.nioEventLoopGroup-4-1 [99] - 10秒后准备重连...
[ INFO ] [2015-09-23 15:46:21] com.tiza.handler.tlbs.TlbsHandler.nioEventLoopGroup-5-1 [34] - 建立连接...
[ INFO ] [2015-09-23 15:46:21] com.tiza.handler.tlbs.TlbsHandler.nioEventLoopGroup-5-1 [44] - 发送登录指令...
[ INFO ] [2015-09-23 15:46:21] com.tiza.handler.tlbs.TlbsHandler.nioEventLoopGroup-5-1 [50] - 收到消息...
[ INFO ] [2015-09-23 15:46:21] com.tiza.handler.tlbs.TlbsHandler.nioEventLoopGroup-5-1 [99] - 10秒后准备重连...
[ INFO ] [2015-09-23 15:46:31] com.tiza.handler.tlbs.TlbsHandler.nioEventLoopGroup-6-1 [34] - 建立连接...
[ INFO ] [2015-09-23 15:46:31] com.tiza.handler.tlbs.TlbsHandler.nioEventLoopGroup-6-1 [44] - 发送登录指令...
[ INFO ] [2015-09-23 15:46:31] com.tiza.handler.tlbs.TlbsHandler.nioEventLoopGroup-6-1 [50] - 收到消息...
[ INFO ] [2015-09-23 15:46:31] com.tiza.handler.tlbs.TlbsHandler.nioEventLoopGroup-6-1 [99] - 10秒后准备重连...
[ INFO ] [2015-09-23 15:46:41] com.tiza.handler.tlbs.TlbsHandler.nioEventLoopGroup-7-1 [34] - 建立连接...
[ INFO ] [2015-09-23 15:46:41] com.tiza.handler.tlbs.TlbsHandler.nioEventLoopGroup-7-1 [44] - 发送登录指令...
[ INFO ] [2015-09-23 15:46:41] com.tiza.handler.tlbs.TlbsHandler.nioEventLoopGroup-7-1 [50] - 收到消息...
[ INFO ] [2015-09-23 15:46:41] com.tiza.handler.tlbs.TlbsHandler.nioEventLoopGroup-7-1 [99] - 10秒后准备重连...
[ INFO ] [2015-09-23 15:46:51] com.tiza.handler.tlbs.TlbsHandler.nioEventLoopGroup-8-1 [34] - 建立连接...
[ INFO ] [2015-09-23 15:46:51] com.tiza.handler.tlbs.TlbsHandler.nioEventLoopGroup-8-1 [44] - 发送登录指令...
[ INFO ] [2015-09-23 15:46:51] com.tiza.handler.tlbs.TlbsHandler.nioEventLoopGroup-8-1 [50] - 收到消息...
[ INFO ] [2015-09-23 15:46:51] com.tiza.handler.tlbs.TlbsHandler.nioEventLoopGroup-8-1 [99] - 10秒后准备重连...
[ INFO ] [2015-09-23 15:47:01] com.tiza.handler.tlbs.TlbsHandler.nioEventLoopGroup-9-1 [34] - 建立连接...
[ INFO ] [2015-09-23 15:47:01] com.tiza.handler.tlbs.TlbsHandler.nioEventLoopGroup-9-1 [44] - 发送登录指令...
[ INFO ] [2015-09-23 15:47:01] com.tiza.handler.tlbs.TlbsHandler.nioEventLoopGroup-9-1 [50] - 收到消息...
[ INFO ] [2015-09-23 15:47:01] com.tiza.handler.tlbs.TlbsHandler.nioEventLoopGroup-9-1 [99] - 10秒后准备重连...
[ INFO ] [2015-09-23 15:47:11] com.tiza.handler.tlbs.TlbsHandler.nioEventLoopGroup-10-1 [34] - 建立连接...
[ INFO ] [2015-09-23 15:47:11] com.tiza.handler.tlbs.TlbsHandler.nioEventLoopGroup-10-1 [44] - 发送登录指令...
[ INFO ] [2015-09-23 15:47:11] com.tiza.handler.tlbs.TlbsHandler.nioEventLoopGroup-10-1 [50] - 收到消息...
[ INFO ] [2015-09-23 15:47:11] com.tiza.handler.tlbs.TlbsHandler.nioEventLoopGroup-10-1 [99] - 10秒后准备重连...
