[ INFO ] [2015-09-18 10:39:37] com.tiza.handler.tlbs.TlbsHandler.nioEventLoopGroup-2-1 [34] - 建立连接...
[ INFO ] [2015-09-18 10:39:37] com.tiza.handler.tlbs.TlbsHandler.nioEventLoopGroup-2-1 [44] - 发送登录指令...
[ INFO ] [2015-09-18 10:39:38] com.tiza.handler.tlbs.TlbsHandler.nioEventLoopGroup-2-1 [50] - 收到消息...
[ INFO ] [2015-09-18 10:39:38] com.tiza.handler.tlbs.TlbsHandler.nioEventLoopGroup-2-1 [82] - ip: 192.168.1.19, port: 8888
[ INFO ] [2015-09-18 10:39:39] com.tiza.client.GwClient.pool-1-thread-1 [67] - 正在重连...
[ INFO ] [2015-09-18 10:39:49] com.tiza.handler.tlbs.TlbsHandler.nioEventLoopGroup-4-1 [34] - 建立连接...
[ INFO ] [2015-09-18 10:39:49] com.tiza.handler.tlbs.TlbsHandler.nioEventLoopGroup-4-1 [44] - 发送登录指令...
[ INFO ] [2015-09-18 10:39:49] com.tiza.handler.tlbs.TlbsHandler.nioEventLoopGroup-4-1 [50] - 收到消息...
[ INFO ] [2015-09-18 10:39:49] com.tiza.handler.tlbs.TlbsHandler.nioEventLoopGroup-4-1 [99] - 10秒后准备重连...
[ INFO ] [2015-09-18 10:39:59] com.tiza.handler.tlbs.TlbsHandler.nioEventLoopGroup-5-1 [34] - 建立连接...
[ INFO ] [2015-09-18 10:39:59] com.tiza.handler.tlbs.TlbsHandler.nioEventLoopGroup-5-1 [44] - 发送登录指令...
[ INFO ] [2015-09-18 10:39:59] com.tiza.handler.tlbs.TlbsHandler.nioEventLoopGroup-5-1 [50] - 收到消息...
[ INFO ] [2015-09-18 10:39:59] com.tiza.handler.tlbs.TlbsHandler.nioEventLoopGroup-5-1 [99] - 10秒后准备重连...
[ INFO ] [2015-09-18 10:40:09] com.tiza.handler.tlbs.TlbsHandler.nioEventLoopGroup-6-1 [34] - 建立连接...
[ INFO ] [2015-09-18 10:40:09] com.tiza.handler.tlbs.TlbsHandler.nioEventLoopGroup-6-1 [44] - 发送登录指令...
[ INFO ] [2015-09-18 10:40:09] com.tiza.handler.tlbs.TlbsHandler.nioEventLoopGroup-6-1 [50] - 收到消息...
[ INFO ] [2015-09-18 10:40:09] com.tiza.handler.tlbs.TlbsHandler.nioEventLoopGroup-6-1 [99] - 10秒后准备重连...
[ INFO ] [2015-09-18 10:40:19] com.tiza.handler.tlbs.TlbsHandler.nioEventLoopGroup-7-1 [34] - 建立连接...
[ INFO ] [2015-09-18 10:40:19] com.tiza.handler.tlbs.TlbsHandler.nioEventLoopGroup-7-1 [44] - 发送登录指令...
[ INFO ] [2015-09-18 10:40:19] com.tiza.handler.tlbs.TlbsHandler.nioEventLoopGroup-7-1 [50] - 收到消息...
[ INFO ] [2015-09-18 10:40:19] com.tiza.handler.tlbs.TlbsHandler.nioEventLoopGroup-7-1 [99] - 10秒后准备重连...
[ INFO ] [2015-09-18 10:40:30] com.tiza.handler.tlbs.TlbsHandler.nioEventLoopGroup-8-1 [34] - 建立连接...
[ INFO ] [2015-09-18 10:40:30] com.tiza.handler.tlbs.TlbsHandler.nioEventLoopGroup-8-1 [44] - 发送登录指令...
[ INFO ] [2015-09-18 10:40:30] com.tiza.handler.tlbs.TlbsHandler.nioEventLoopGroup-8-1 [50] - 收到消息...
[ INFO ] [2015-09-18 10:40:30] com.tiza.handler.tlbs.TlbsHandler.nioEventLoopGroup-8-1 [99] - 10秒后准备重连...
[ INFO ] [2015-09-18 10:40:40] com.tiza.handler.tlbs.TlbsHandler.nioEventLoopGroup-9-1 [34] - 建立连接...
[ INFO ] [2015-09-18 10:40:40] com.tiza.handler.tlbs.TlbsHandler.nioEventLoopGroup-9-1 [44] - 发送登录指令...
[ INFO ] [2015-09-18 10:40:40] com.tiza.handler.tlbs.TlbsHandler.nioEventLoopGroup-9-1 [50] - 收到消息...
[ INFO ] [2015-09-18 10:40:40] com.tiza.handler.tlbs.TlbsHandler.nioEventLoopGroup-9-1 [82] - ip: 192.168.1.19, port: 8888
[ INFO ] [2015-09-18 10:40:41] com.tiza.handler.gateway.GwHandler.nioEventLoopGroup-10-1 [42] - 发送数据到网关...
[ INFO ] [2015-09-18 10:40:46] com.tiza.handler.gateway.GwHandler.nioEventLoopGroup-10-1 [42] - 发送数据到网关...
[ INFO ] [2015-09-18 10:40:51] com.tiza.handler.gateway.GwHandler.nioEventLoopGroup-10-1 [42] - 发送数据到网关...
[ INFO ] [2015-09-18 10:40:56] com.tiza.handler.gateway.GwHandler.nioEventLoopGroup-10-1 [42] - 发送数据到网关...
[ INFO ] [2015-09-18 10:41:01] com.tiza.handler.gateway.GwHandler.nioEventLoopGroup-10-1 [42] - 发送数据到网关...
[ INFO ] [2015-09-18 10:41:06] com.tiza.handler.gateway.GwHandler.nioEventLoopGroup-10-1 [42] - 发送数据到网关...
[ INFO ] [2015-09-18 10:41:11] com.tiza.handler.gateway.GwHandler.nioEventLoopGroup-10-1 [42] - 发送数据到网关...
[ INFO ] [2015-09-18 10:41:16] com.tiza.handler.gateway.GwHandler.nioEventLoopGroup-10-1 [42] - 发送数据到网关...
[ INFO ] [2015-09-18 10:41:21] com.tiza.handler.gateway.GwHandler.nioEventLoopGroup-10-1 [42] - 发送数据到网关...
[ INFO ] [2015-09-18 10:41:26] com.tiza.handler.gateway.GwHandler.nioEventLoopGroup-10-1 [42] - 发送数据到网关...
[ INFO ] [2015-09-18 10:41:31] com.tiza.handler.gateway.GwHandler.nioEventLoopGroup-10-1 [42] - 发送数据到网关...
[ INFO ] [2015-09-18 10:41:36] com.tiza.handler.gateway.GwHandler.nioEventLoopGroup-10-1 [42] - 发送数据到网关...
[ INFO ] [2015-09-18 10:41:41] com.tiza.handler.gateway.GwHandler.nioEventLoopGroup-10-1 [42] - 发送数据到网关...
[ INFO ] [2015-09-18 10:41:45] com.tiza.client.GwClient.pool-1-thread-1 [67] - 正在重连...
[ INFO ] [2015-09-18 10:41:55] com.tiza.handler.tlbs.TlbsHandler.nioEventLoopGroup-11-1 [34] - 建立连接...
[ INFO ] [2015-09-18 10:41:55] com.tiza.handler.tlbs.TlbsHandler.nioEventLoopGroup-11-1 [44] - 发送登录指令...
[ INFO ] [2015-09-18 10:41:55] com.tiza.handler.tlbs.TlbsHandler.nioEventLoopGroup-11-1 [50] - 收到消息...
[ INFO ] [2015-09-18 10:41:55] com.tiza.handler.tlbs.TlbsHandler.nioEventLoopGroup-11-1 [99] - 10秒后准备重连...
[ INFO ] [2015-09-18 10:42:05] com.tiza.handler.tlbs.TlbsHandler.nioEventLoopGroup-12-1 [34] - 建立连接...
[ INFO ] [2015-09-18 10:42:05] com.tiza.handler.tlbs.TlbsHandler.nioEventLoopGroup-12-1 [44] - 发送登录指令...
[ INFO ] [2015-09-18 10:42:05] com.tiza.handler.tlbs.TlbsHandler.nioEventLoopGroup-12-1 [50] - 收到消息...
[ INFO ] [2015-09-18 10:42:05] com.tiza.handler.tlbs.TlbsHandler.nioEventLoopGroup-12-1 [99] - 10秒后准备重连...
[ INFO ] [2015-09-18 10:42:15] com.tiza.handler.tlbs.TlbsHandler.nioEventLoopGroup-13-1 [34] - 建立连接...
[ INFO ] [2015-09-18 10:42:15] com.tiza.handler.tlbs.TlbsHandler.nioEventLoopGroup-13-1 [44] - 发送登录指令...
[ INFO ] [2015-09-18 10:42:15] com.tiza.handler.tlbs.TlbsHandler.nioEventLoopGroup-13-1 [50] - 收到消息...
[ INFO ] [2015-09-18 10:42:15] com.tiza.handler.tlbs.TlbsHandler.nioEventLoopGroup-13-1 [99] - 10秒后准备重连...
[ INFO ] [2015-09-18 10:42:25] com.tiza.handler.tlbs.TlbsHandler.nioEventLoopGroup-14-1 [34] - 建立连接...
[ INFO ] [2015-09-18 10:42:25] com.tiza.handler.tlbs.TlbsHandler.nioEventLoopGroup-14-1 [44] - 发送登录指令...
[ INFO ] [2015-09-18 10:42:25] com.tiza.handler.tlbs.TlbsHandler.nioEventLoopGroup-14-1 [50] - 收到消息...
[ INFO ] [2015-09-18 10:42:25] com.tiza.handler.tlbs.TlbsHandler.nioEventLoopGroup-14-1 [99] - 10秒后准备重连...
[ INFO ] [2015-09-18 10:42:35] com.tiza.handler.tlbs.TlbsHandler.nioEventLoopGroup-15-1 [34] - 建立连接...
[ INFO ] [2015-09-18 10:42:35] com.tiza.handler.tlbs.TlbsHandler.nioEventLoopGroup-15-1 [44] - 发送登录指令...
[ INFO ] [2015-09-18 10:42:35] com.tiza.handler.tlbs.TlbsHandler.nioEventLoopGroup-15-1 [50] - 收到消息...
[ INFO ] [2015-09-18 10:42:35] com.tiza.handler.tlbs.TlbsHandler.nioEventLoopGroup-15-1 [99] - 10秒后准备重连...
[ INFO ] [2015-09-18 10:42:45] com.tiza.handler.tlbs.TlbsHandler.nioEventLoopGroup-16-1 [34] - 建立连接...
[ INFO ] [2015-09-18 10:42:45] com.tiza.handler.tlbs.TlbsHandler.nioEventLoopGroup-16-1 [44] - 发送登录指令...
[ INFO ] [2015-09-18 10:42:45] com.tiza.handler.tlbs.TlbsHandler.nioEventLoopGroup-16-1 [50] - 收到消息...
[ INFO ] [2015-09-18 10:42:45] com.tiza.handler.tlbs.TlbsHandler.nioEventLoopGroup-16-1 [99] - 10秒后准备重连...
[ INFO ] [2015-09-18 10:42:55] com.tiza.handler.tlbs.TlbsHandler.nioEventLoopGroup-17-1 [34] - 建立连接...
[ INFO ] [2015-09-18 10:42:55] com.tiza.handler.tlbs.TlbsHandler.nioEventLoopGroup-17-1 [44] - 发送登录指令...
[ INFO ] [2015-09-18 10:42:55] com.tiza.handler.tlbs.TlbsHandler.nioEventLoopGroup-17-1 [50] - 收到消息...
[ INFO ] [2015-09-18 10:42:55] com.tiza.handler.tlbs.TlbsHandler.nioEventLoopGroup-17-1 [99] - 10秒后准备重连...
[ INFO ] [2015-09-18 10:43:05] com.tiza.handler.tlbs.TlbsHandler.nioEventLoopGroup-18-1 [34] - 建立连接...
[ INFO ] [2015-09-18 10:43:05] com.tiza.handler.tlbs.TlbsHandler.nioEventLoopGroup-18-1 [44] - 发送登录指令...
[ INFO ] [2015-09-18 10:43:05] com.tiza.handler.tlbs.TlbsHandler.nioEventLoopGroup-18-1 [50] - 收到消息...
[ INFO ] [2015-09-18 10:43:05] com.tiza.handler.tlbs.TlbsHandler.nioEventLoopGroup-18-1 [99] - 10秒后准备重连...
[ INFO ] [2015-09-18 10:43:15] com.tiza.handler.tlbs.TlbsHandler.nioEventLoopGroup-19-1 [34] - 建立连接...
[ INFO ] [2015-09-18 10:43:15] com.tiza.handler.tlbs.TlbsHandler.nioEventLoopGroup-19-1 [44] - 发送登录指令...
[ INFO ] [2015-09-18 10:43:15] com.tiza.handler.tlbs.TlbsHandler.nioEventLoopGroup-19-1 [50] - 收到消息...
[ INFO ] [2015-09-18 10:43:15] com.tiza.handler.tlbs.TlbsHandler.nioEventLoopGroup-19-1 [99] - 10秒后准备重连...
[ INFO ] [2015-09-18 10:45:28] com.tiza.handler.tlbs.TlbsHandler.nioEventLoopGroup-2-1 [34] - 建立连接...
[ INFO ] [2015-09-18 10:45:28] com.tiza.handler.tlbs.TlbsHandler.nioEventLoopGroup-2-1 [44] - 发送登录指令...
[ INFO ] [2015-09-18 10:45:28] com.tiza.handler.tlbs.TlbsHandler.nioEventLoopGroup-2-1 [50] - 收到消息...
[ INFO ] [2015-09-18 10:45:28] com.tiza.handler.tlbs.TlbsHandler.nioEventLoopGroup-2-1 [99] - 10秒后准备重连...
[ INFO ] [2015-09-18 10:45:38] com.tiza.handler.tlbs.TlbsHandler.nioEventLoopGroup-3-1 [34] - 建立连接...
[ INFO ] [2015-09-18 10:45:38] com.tiza.handler.tlbs.TlbsHandler.nioEventLoopGroup-3-1 [44] - 发送登录指令...
[ INFO ] [2015-09-18 10:45:38] com.tiza.handler.tlbs.TlbsHandler.nioEventLoopGroup-3-1 [50] - 收到消息...
[ INFO ] [2015-09-18 10:45:38] com.tiza.handler.tlbs.TlbsHandler.nioEventLoopGroup-3-1 [82] - ip: 192.168.1.19, port: 8888
[ INFO ] [2015-09-18 10:45:39] com.tiza.client.GwClient.pool-1-thread-1 [67] - 正在重连...
[ INFO ] [2015-09-18 10:45:49] com.tiza.handler.tlbs.TlbsHandler.nioEventLoopGroup-5-1 [34] - 建立连接...
[ INFO ] [2015-09-18 10:45:49] com.tiza.handler.tlbs.TlbsHandler.nioEventLoopGroup-5-1 [44] - 发送登录指令...
[ INFO ] [2015-09-18 10:45:49] com.tiza.handler.tlbs.TlbsHandler.nioEventLoopGroup-5-1 [50] - 收到消息...
[ INFO ] [2015-09-18 10:45:49] com.tiza.handler.tlbs.TlbsHandler.nioEventLoopGroup-5-1 [99] - 10秒后准备重连...
[ INFO ] [2015-09-18 10:45:59] com.tiza.handler.tlbs.TlbsHandler.nioEventLoopGroup-6-1 [34] - 建立连接...
[ INFO ] [2015-09-18 10:45:59] com.tiza.handler.tlbs.TlbsHandler.nioEventLoopGroup-6-1 [44] - 发送登录指令...
[ INFO ] [2015-09-18 10:45:59] com.tiza.handler.tlbs.TlbsHandler.nioEventLoopGroup-6-1 [50] - 收到消息...
[ INFO ] [2015-09-18 10:45:59] com.tiza.handler.tlbs.TlbsHandler.nioEventLoopGroup-6-1 [82] - ip: 192.168.1.19, port: 8888
[ INFO ] [2015-09-18 10:46:00] com.tiza.handler.gateway.GwHandler.nioEventLoopGroup-7-1 [42] - 发送数据到网关...
[ INFO ] [2015-09-18 10:46:15] com.tiza.handler.gateway.GwHandler.nioEventLoopGroup-7-1 [42] - 发送数据到网关...
[ INFO ] [2015-09-18 10:46:24] com.tiza.client.GwClient.pool-1-thread-1 [67] - 正在重连...
[ INFO ] [2015-09-18 10:46:34] com.tiza.handler.tlbs.TlbsHandler.nioEventLoopGroup-8-1 [34] - 建立连接...
[ INFO ] [2015-09-18 10:46:34] com.tiza.handler.tlbs.TlbsHandler.nioEventLoopGroup-8-1 [44] - 发送登录指令...
[ INFO ] [2015-09-18 10:46:34] com.tiza.handler.tlbs.TlbsHandler.nioEventLoopGroup-8-1 [50] - 收到消息...
[ INFO ] [2015-09-18 10:46:34] com.tiza.handler.tlbs.TlbsHandler.nioEventLoopGroup-8-1 [99] - 10秒后准备重连...
[ INFO ] [2015-09-18 10:46:44] com.tiza.handler.tlbs.TlbsHandler.nioEventLoopGroup-9-1 [34] - 建立连接...
[ INFO ] [2015-09-18 10:46:44] com.tiza.handler.tlbs.TlbsHandler.nioEventLoopGroup-9-1 [44] - 发送登录指令...
[ INFO ] [2015-09-18 10:46:44] com.tiza.handler.tlbs.TlbsHandler.nioEventLoopGroup-9-1 [50] - 收到消息...
[ INFO ] [2015-09-18 10:46:44] com.tiza.handler.tlbs.TlbsHandler.nioEventLoopGroup-9-1 [99] - 10秒后准备重连...
[ INFO ] [2015-09-18 10:49:55] com.tiza.handler.tlbs.TlbsHandler.nioEventLoopGroup-2-1 [34] - 建立连接...
[ INFO ] [2015-09-18 10:49:55] com.tiza.handler.tlbs.TlbsHandler.nioEventLoopGroup-2-1 [44] - 发送登录指令...
[ INFO ] [2015-09-18 10:49:55] com.tiza.handler.tlbs.TlbsHandler.nioEventLoopGroup-2-1 [50] - 收到消息...
[ INFO ] [2015-09-18 10:49:55] com.tiza.handler.tlbs.TlbsHandler.nioEventLoopGroup-2-1 [99] - 10秒后准备重连...
[ INFO ] [2015-09-18 10:50:05] com.tiza.handler.tlbs.TlbsHandler.nioEventLoopGroup-3-1 [34] - 建立连接...
[ INFO ] [2015-09-18 10:50:05] com.tiza.handler.tlbs.TlbsHandler.nioEventLoopGroup-3-1 [44] - 发送登录指令...
[ INFO ] [2015-09-18 10:50:05] com.tiza.handler.tlbs.TlbsHandler.nioEventLoopGroup-3-1 [50] - 收到消息...
[ INFO ] [2015-09-18 10:50:05] com.tiza.handler.tlbs.TlbsHandler.nioEventLoopGroup-3-1 [82] - ip: 192.168.1.19, port: 8888
[ INFO ] [2015-09-18 10:50:06] com.tiza.handler.gateway.GwHandler.nioEventLoopGroup-4-1 [42] - 发送数据到网关...
[ INFO ] [2015-09-18 10:50:21] com.tiza.handler.gateway.GwHandler.nioEventLoopGroup-4-1 [42] - 发送数据到网关...
[ INFO ] [2015-09-18 10:50:36] com.tiza.handler.gateway.GwHandler.nioEventLoopGroup-4-1 [42] - 发送数据到网关...
[ INFO ] [2015-09-18 10:50:51] com.tiza.handler.gateway.GwHandler.nioEventLoopGroup-4-1 [42] - 发送数据到网关...
[ INFO ] [2015-09-18 10:51:06] com.tiza.handler.gateway.GwHandler.nioEventLoopGroup-4-1 [42] - 发送数据到网关...
[ INFO ] [2015-09-18 10:51:21] com.tiza.handler.gateway.GwHandler.nioEventLoopGroup-4-1 [42] - 发送数据到网关...
[ INFO ] [2015-09-18 10:51:36] com.tiza.handler.gateway.GwHandler.nioEventLoopGroup-4-1 [42] - 发送数据到网关...
[ INFO ] [2015-09-18 10:51:51] com.tiza.handler.gateway.GwHandler.nioEventLoopGroup-4-1 [42] - 发送数据到网关...
[ INFO ] [2015-09-18 10:51:56] com.tiza.client.GwClient.pool-1-thread-1 [67] - 正在重连...
[ INFO ] [2015-09-18 10:52:07] com.tiza.handler.tlbs.TlbsHandler.nioEventLoopGroup-5-1 [34] - 建立连接...
[ INFO ] [2015-09-18 10:52:07] com.tiza.handler.tlbs.TlbsHandler.nioEventLoopGroup-5-1 [44] - 发送登录指令...
[ INFO ] [2015-09-18 10:52:07] com.tiza.handler.tlbs.TlbsHandler.nioEventLoopGroup-5-1 [50] - 收到消息...
[ INFO ] [2015-09-18 10:52:07] com.tiza.handler.tlbs.TlbsHandler.nioEventLoopGroup-5-1 [99] - 10秒后准备重连...
[ INFO ] [2015-09-18 10:52:17] com.tiza.handler.tlbs.TlbsHandler.nioEventLoopGroup-6-1 [34] - 建立连接...
[ INFO ] [2015-09-18 10:52:17] com.tiza.handler.tlbs.TlbsHandler.nioEventLoopGroup-6-1 [44] - 发送登录指令...
[ INFO ] [2015-09-18 10:52:17] com.tiza.handler.tlbs.TlbsHandler.nioEventLoopGroup-6-1 [50] - 收到消息...
[ INFO ] [2015-09-18 10:52:17] com.tiza.handler.tlbs.TlbsHandler.nioEventLoopGroup-6-1 [82] - ip: 192.168.1.19, port: 8888
[ INFO ] [2015-09-18 10:52:18] com.tiza.handler.gateway.GwHandler.nioEventLoopGroup-7-1 [42] - 发送数据到网关...
[ INFO ] [2015-09-18 10:52:33] com.tiza.handler.gateway.GwHandler.nioEventLoopGroup-7-1 [42] - 发送数据到网关...
[ INFO ] [2015-09-18 10:52:48] com.tiza.handler.gateway.GwHandler.nioEventLoopGroup-7-1 [42] - 发送数据到网关...
[ INFO ] [2015-09-18 10:56:01] com.tiza.handler.tlbs.TlbsHandler.nioEventLoopGroup-2-1 [34] - 建立连接...
[ INFO ] [2015-09-18 10:56:02] com.tiza.handler.tlbs.TlbsHandler.nioEventLoopGroup-2-1 [44] - 发送登录指令...
[ INFO ] [2015-09-18 10:56:02] com.tiza.handler.tlbs.TlbsHandler.nioEventLoopGroup-2-1 [50] - 收到消息...
[ INFO ] [2015-09-18 10:56:02] com.tiza.handler.tlbs.TlbsHandler.nioEventLoopGroup-2-1 [99] - 10秒后准备重连...
[ INFO ] [2015-09-18 10:56:12] com.tiza.handler.tlbs.TlbsHandler.nioEventLoopGroup-3-1 [34] - 建立连接...
[ INFO ] [2015-09-18 10:56:12] com.tiza.handler.tlbs.TlbsHandler.nioEventLoopGroup-3-1 [44] - 发送登录指令...
[ INFO ] [2015-09-18 10:56:12] com.tiza.handler.tlbs.TlbsHandler.nioEventLoopGroup-3-1 [50] - 收到消息...
[ INFO ] [2015-09-18 10:56:12] com.tiza.handler.tlbs.TlbsHandler.nioEventLoopGroup-3-1 [99] - 10秒后准备重连...
[ INFO ] [2015-09-18 10:56:22] com.tiza.handler.tlbs.TlbsHandler.nioEventLoopGroup-4-1 [34] - 建立连接...
[ INFO ] [2015-09-18 10:56:22] com.tiza.handler.tlbs.TlbsHandler.nioEventLoopGroup-4-1 [44] - 发送登录指令...
[ INFO ] [2015-09-18 10:56:22] com.tiza.handler.tlbs.TlbsHandler.nioEventLoopGroup-4-1 [50] - 收到消息...
[ INFO ] [2015-09-18 10:56:22] com.tiza.handler.tlbs.TlbsHandler.nioEventLoopGroup-4-1 [99] - 10秒后准备重连...
[ INFO ] [2015-09-18 10:56:32] com.tiza.handler.tlbs.TlbsHandler.nioEventLoopGroup-5-1 [34] - 建立连接...
[ INFO ] [2015-09-18 10:56:32] com.tiza.handler.tlbs.TlbsHandler.nioEventLoopGroup-5-1 [44] - 发送登录指令...
[ INFO ] [2015-09-18 10:56:32] com.tiza.handler.tlbs.TlbsHandler.nioEventLoopGroup-5-1 [50] - 收到消息...
[ INFO ] [2015-09-18 10:56:32] com.tiza.handler.tlbs.TlbsHandler.nioEventLoopGroup-5-1 [99] - 10秒后准备重连...
[ INFO ] [2015-09-18 10:56:42] com.tiza.handler.tlbs.TlbsHandler.nioEventLoopGroup-6-1 [34] - 建立连接...
[ INFO ] [2015-09-18 10:56:42] com.tiza.handler.tlbs.TlbsHandler.nioEventLoopGroup-6-1 [44] - 发送登录指令...
[ INFO ] [2015-09-18 10:56:42] com.tiza.handler.tlbs.TlbsHandler.nioEventLoopGroup-6-1 [50] - 收到消息...
[ INFO ] [2015-09-18 10:56:42] com.tiza.handler.tlbs.TlbsHandler.nioEventLoopGroup-6-1 [82] - ip: 192.168.1.19, port: 8888
[ INFO ] [2015-09-18 10:56:43] com.tiza.handler.gateway.GwHandler.nioEventLoopGroup-7-1 [43] - 发送数据到网关...
[ INFO ] [2015-09-18 10:56:54] com.tiza.handler.gateway.GwHandler.nioEventLoopGroup-7-1 [43] - 发送数据到网关...
[ INFO ] [2015-09-18 10:57:06] com.tiza.handler.gateway.GwHandler.nioEventLoopGroup-7-1 [43] - 发送数据到网关...
[ INFO ] [2015-09-18 10:57:20] com.tiza.handler.gateway.GwHandler.nioEventLoopGroup-7-1 [43] - 发送数据到网关...
[ INFO ] [2015-09-18 10:57:35] com.tiza.handler.gateway.GwHandler.nioEventLoopGroup-7-1 [43] - 发送数据到网关...
[ INFO ] [2015-09-18 10:57:48] com.tiza.handler.gateway.GwHandler.nioEventLoopGroup-7-1 [43] - 发送数据到网关...
[ INFO ] [2015-09-18 10:58:03] com.tiza.handler.gateway.GwHandler.nioEventLoopGroup-7-1 [43] - 发送数据到网关...
[ INFO ] [2015-09-18 10:58:14] com.tiza.handler.gateway.GwHandler.nioEventLoopGroup-7-1 [43] - 发送数据到网关...
