[ INFO ] [2015-09-24 15:41:11] com.tiza.handler.tlbs.TlbsHandler.nioEventLoopGroup-2-1 [37] - 建立连接...
[ INFO ] [2015-09-24 15:41:12] com.tiza.handler.tlbs.TlbsHandler.nioEventLoopGroup-2-1 [53] - 发送登录指令...
[ INFO ] [2015-09-24 15:41:12] com.tiza.handler.tlbs.TlbsHandler.nioEventLoopGroup-2-1 [59] - 收到消息...
[ INFO ] [2015-09-24 15:41:12] com.tiza.handler.tlbs.TlbsHandler.nioEventLoopGroup-2-1 [111] - 10秒后准备重连...
[ INFO ] [2015-09-24 15:41:37] com.tiza.handler.tlbs.TlbsHandler.nioEventLoopGroup-3-1 [37] - 建立连接...
[ INFO ] [2015-09-24 15:41:37] com.tiza.handler.tlbs.TlbsHandler.nioEventLoopGroup-3-1 [53] - 发送登录指令...
[ INFO ] [2015-09-24 15:41:37] com.tiza.handler.tlbs.TlbsHandler.nioEventLoopGroup-3-1 [59] - 收到消息...
[ INFO ] [2015-09-24 15:41:37] com.tiza.handler.tlbs.TlbsHandler.nioEventLoopGroup-3-1 [111] - 10秒后准备重连...
[ INFO ] [2015-09-24 15:43:23] com.tiza.handler.tlbs.TlbsHandler.nioEventLoopGroup-4-1 [37] - 建立连接...
[ INFO ] [2015-09-24 15:43:23] com.tiza.handler.tlbs.TlbsHandler.nioEventLoopGroup-4-1 [53] - 发送登录指令...
[ INFO ] [2015-09-24 15:43:23] com.tiza.handler.tlbs.TlbsHandler.nioEventLoopGroup-4-1 [59] - 收到消息...
[ INFO ] [2015-09-24 15:43:23] com.tiza.handler.tlbs.TlbsHandler.nioEventLoopGroup-4-1 [111] - 10秒后准备重连...
[ INFO ] [2015-09-24 15:45:21] com.tiza.handler.tlbs.TlbsHandler.nioEventLoopGroup-2-1 [37] - 建立连接...
[ INFO ] [2015-09-24 15:45:22] com.tiza.handler.tlbs.TlbsHandler.nioEventLoopGroup-2-1 [53] - 发送登录指令...
[ INFO ] [2015-09-24 15:45:22] com.tiza.handler.tlbs.TlbsHandler.nioEventLoopGroup-2-1 [59] - 收到消息...
[ INFO ] [2015-09-24 15:45:23] com.tiza.handler.tlbs.TlbsHandler.nioEventLoopGroup-2-1 [111] - 10秒后准备重连...
[ INFO ] [2015-09-24 15:45:49] com.tiza.handler.tlbs.TlbsHandler.nioEventLoopGroup-3-1 [37] - 建立连接...
[ INFO ] [2015-09-24 15:45:49] com.tiza.handler.tlbs.TlbsHandler.nioEventLoopGroup-3-1 [53] - 发送登录指令...
[ INFO ] [2015-09-24 15:45:49] com.tiza.handler.tlbs.TlbsHandler.nioEventLoopGroup-3-1 [59] - 收到消息...
[ INFO ] [2015-09-24 15:45:49] com.tiza.handler.tlbs.TlbsHandler.nioEventLoopGroup-3-1 [111] - 10秒后准备重连...
[ INFO ] [2015-09-24 15:47:17] com.tiza.handler.tlbs.TlbsHandler.nioEventLoopGroup-2-1 [37] - 建立连接...
[ INFO ] [2015-09-24 16:31:29] com.tiza.handler.tlbs.TlbsHandler.nioEventLoopGroup-2-1 [37] - 建立连接...
[ INFO ] [2015-09-24 16:31:32] com.tiza.handler.tlbs.TlbsHandler.nioEventLoopGroup-2-1 [53] - 发送登录指令...
[ INFO ] [2015-09-24 16:32:51] com.tiza.handler.tlbs.TlbsHandler.nioEventLoopGroup-2-1 [59] - 收到消息...
[ INFO ] [2015-09-24 16:32:51] com.tiza.handler.tlbs.TlbsHandler.nioEventLoopGroup-2-1 [111] - 10秒后准备重连...
[ INFO ] [2015-09-24 16:33:01] com.tiza.handler.tlbs.TlbsHandler.nioEventLoopGroup-3-1 [37] - 建立连接...
[ INFO ] [2015-09-24 16:33:01] com.tiza.handler.tlbs.TlbsHandler.nioEventLoopGroup-3-1 [53] - 发送登录指令...
[ INFO ] [2015-09-24 16:33:01] com.tiza.handler.tlbs.TlbsHandler.nioEventLoopGroup-3-1 [59] - 收到消息...
[ INFO ] [2015-09-24 16:33:01] com.tiza.handler.tlbs.TlbsHandler.nioEventLoopGroup-3-1 [94] - ip: 192.168.1.53, port: 8089
[ INFO ] [2015-09-24 16:33:02] com.tiza.client.GwClient.pool-1-thread-1 [69] - 正在重连...
[ INFO ] [2015-09-24 16:33:12] com.tiza.handler.tlbs.TlbsHandler.nioEventLoopGroup-5-1 [37] - 建立连接...
[ INFO ] [2015-09-24 16:33:12] com.tiza.handler.tlbs.TlbsHandler.nioEventLoopGroup-5-1 [53] - 发送登录指令...
[ INFO ] [2015-09-24 16:33:12] com.tiza.handler.tlbs.TlbsHandler.nioEventLoopGroup-5-1 [59] - 收到消息...
[ INFO ] [2015-09-24 16:33:12] com.tiza.handler.tlbs.TlbsHandler.nioEventLoopGroup-5-1 [94] - ip: 192.168.1.53, port: 8089
[ INFO ] [2015-09-24 16:33:13] com.tiza.client.GwClient.pool-1-thread-1 [69] - 正在重连...
[ INFO ] [2015-09-24 16:33:23] com.tiza.handler.tlbs.TlbsHandler.nioEventLoopGroup-7-1 [37] - 建立连接...
[ INFO ] [2015-09-24 16:33:23] com.tiza.handler.tlbs.TlbsHandler.nioEventLoopGroup-7-1 [53] - 发送登录指令...
[ INFO ] [2015-09-24 16:33:23] com.tiza.handler.tlbs.TlbsHandler.nioEventLoopGroup-7-1 [59] - 收到消息...
[ INFO ] [2015-09-24 16:33:23] com.tiza.handler.tlbs.TlbsHandler.nioEventLoopGroup-7-1 [94] - ip: 192.168.1.53, port: 8089
[ INFO ] [2015-09-24 16:33:24] com.tiza.client.GwClient.pool-1-thread-1 [69] - 正在重连...
[ INFO ] [2015-09-24 16:33:34] com.tiza.handler.tlbs.TlbsHandler.nioEventLoopGroup-9-1 [37] - 建立连接...
[ INFO ] [2015-09-24 16:33:34] com.tiza.handler.tlbs.TlbsHandler.nioEventLoopGroup-9-1 [53] - 发送登录指令...
[ INFO ] [2015-09-24 16:33:34] com.tiza.handler.tlbs.TlbsHandler.nioEventLoopGroup-9-1 [59] - 收到消息...
[ INFO ] [2015-09-24 16:33:34] com.tiza.handler.tlbs.TlbsHandler.nioEventLoopGroup-9-1 [94] - ip: 192.168.1.53, port: 8089
[ INFO ] [2015-09-24 16:33:35] com.tiza.client.GwClient.pool-1-thread-1 [69] - 正在重连...
[ INFO ] [2015-09-24 16:33:45] com.tiza.handler.tlbs.TlbsHandler.nioEventLoopGroup-11-1 [37] - 建立连接...
[ INFO ] [2015-09-24 16:33:45] com.tiza.handler.tlbs.TlbsHandler.nioEventLoopGroup-11-1 [53] - 发送登录指令...
[ INFO ] [2015-09-24 16:33:45] com.tiza.handler.tlbs.TlbsHandler.nioEventLoopGroup-11-1 [59] - 收到消息...
[ INFO ] [2015-09-24 16:33:45] com.tiza.handler.tlbs.TlbsHandler.nioEventLoopGroup-11-1 [94] - ip: 192.168.1.53, port: 8089
[ INFO ] [2015-09-24 16:33:46] com.tiza.client.GwClient.pool-1-thread-1 [69] - 正在重连...
[ INFO ] [2015-09-24 16:33:56] com.tiza.handler.tlbs.TlbsHandler.nioEventLoopGroup-13-1 [37] - 建立连接...
[ INFO ] [2015-09-24 16:33:56] com.tiza.handler.tlbs.TlbsHandler.nioEventLoopGroup-13-1 [53] - 发送登录指令...
[ INFO ] [2015-09-24 16:33:56] com.tiza.handler.tlbs.TlbsHandler.nioEventLoopGroup-13-1 [59] - 收到消息...
[ INFO ] [2015-09-24 16:33:56] com.tiza.handler.tlbs.TlbsHandler.nioEventLoopGroup-13-1 [94] - ip: 192.168.1.53, port: 8089
[ INFO ] [2015-09-24 16:33:57] com.tiza.client.GwClient.pool-1-thread-1 [69] - 正在重连...
[ INFO ] [2015-09-24 16:34:07] com.tiza.handler.tlbs.TlbsHandler.nioEventLoopGroup-15-1 [37] - 建立连接...
[ INFO ] [2015-09-24 16:34:07] com.tiza.handler.tlbs.TlbsHandler.nioEventLoopGroup-15-1 [53] - 发送登录指令...
[ INFO ] [2015-09-24 16:34:07] com.tiza.handler.tlbs.TlbsHandler.nioEventLoopGroup-15-1 [59] - 收到消息...
[ INFO ] [2015-09-24 16:34:07] com.tiza.handler.tlbs.TlbsHandler.nioEventLoopGroup-15-1 [94] - ip: 192.168.1.53, port: 8089
[ INFO ] [2015-09-24 16:34:08] com.tiza.client.GwClient.pool-1-thread-1 [69] - 正在重连...
[ INFO ] [2015-09-24 16:34:18] com.tiza.handler.tlbs.TlbsHandler.nioEventLoopGroup-17-1 [37] - 建立连接...
[ INFO ] [2015-09-24 16:34:18] com.tiza.handler.tlbs.TlbsHandler.nioEventLoopGroup-17-1 [53] - 发送登录指令...
[ INFO ] [2015-09-24 16:34:18] com.tiza.handler.tlbs.TlbsHandler.nioEventLoopGroup-17-1 [59] - 收到消息...
[ INFO ] [2015-09-24 16:34:18] com.tiza.handler.tlbs.TlbsHandler.nioEventLoopGroup-17-1 [94] - ip: 192.168.1.53, port: 8089
[ INFO ] [2015-09-24 16:34:19] com.tiza.client.GwClient.pool-1-thread-1 [69] - 正在重连...
[ INFO ] [2015-09-24 16:34:29] com.tiza.handler.tlbs.TlbsHandler.nioEventLoopGroup-19-1 [37] - 建立连接...
[ INFO ] [2015-09-24 16:34:29] com.tiza.handler.tlbs.TlbsHandler.nioEventLoopGroup-19-1 [53] - 发送登录指令...
[ INFO ] [2015-09-24 16:34:29] com.tiza.handler.tlbs.TlbsHandler.nioEventLoopGroup-19-1 [59] - 收到消息...
[ INFO ] [2015-09-24 16:34:29] com.tiza.handler.tlbs.TlbsHandler.nioEventLoopGroup-19-1 [94] - ip: 192.168.1.53, port: 8089
[ INFO ] [2015-09-24 16:34:30] com.tiza.client.GwClient.pool-1-thread-1 [69] - 正在重连...
[ INFO ] [2015-09-24 16:34:40] com.tiza.handler.tlbs.TlbsHandler.nioEventLoopGroup-21-1 [37] - 建立连接...
[ INFO ] [2015-09-24 16:34:40] com.tiza.handler.tlbs.TlbsHandler.nioEventLoopGroup-21-1 [53] - 发送登录指令...
[ INFO ] [2015-09-24 16:34:40] com.tiza.handler.tlbs.TlbsHandler.nioEventLoopGroup-21-1 [59] - 收到消息...
[ INFO ] [2015-09-24 16:34:40] com.tiza.handler.tlbs.TlbsHandler.nioEventLoopGroup-21-1 [94] - ip: 192.168.1.53, port: 8089
[ INFO ] [2015-09-24 16:34:41] com.tiza.client.GwClient.pool-1-thread-1 [69] - 正在重连...
[ INFO ] [2015-09-24 16:34:51] com.tiza.handler.tlbs.TlbsHandler.nioEventLoopGroup-23-1 [37] - 建立连接...
[ INFO ] [2015-09-24 16:34:51] com.tiza.handler.tlbs.TlbsHandler.nioEventLoopGroup-23-1 [53] - 发送登录指令...
[ INFO ] [2015-09-24 16:34:51] com.tiza.handler.tlbs.TlbsHandler.nioEventLoopGroup-23-1 [59] - 收到消息...
[ INFO ] [2015-09-24 16:34:51] com.tiza.handler.tlbs.TlbsHandler.nioEventLoopGroup-23-1 [94] - ip: 192.168.1.53, port: 8089
[ INFO ] [2015-09-24 16:34:52] com.tiza.client.GwClient.pool-1-thread-1 [69] - 正在重连...
[ INFO ] [2015-09-24 16:35:02] com.tiza.handler.tlbs.TlbsHandler.nioEventLoopGroup-25-1 [37] - 建立连接...
[ INFO ] [2015-09-24 16:35:02] com.tiza.handler.tlbs.TlbsHandler.nioEventLoopGroup-25-1 [53] - 发送登录指令...
[ INFO ] [2015-09-24 16:35:03] com.tiza.handler.tlbs.TlbsHandler.nioEventLoopGroup-25-1 [59] - 收到消息...
[ INFO ] [2015-09-24 16:35:03] com.tiza.handler.tlbs.TlbsHandler.nioEventLoopGroup-25-1 [94] - ip: 192.168.1.53, port: 8089
[ INFO ] [2015-09-24 16:35:04] com.tiza.client.GwClient.pool-1-thread-1 [69] - 正在重连...
[ INFO ] [2015-09-24 16:35:14] com.tiza.handler.tlbs.TlbsHandler.nioEventLoopGroup-27-1 [37] - 建立连接...
[ INFO ] [2015-09-24 16:35:14] com.tiza.handler.tlbs.TlbsHandler.nioEventLoopGroup-27-1 [53] - 发送登录指令...
[ INFO ] [2015-09-24 16:35:14] com.tiza.handler.tlbs.TlbsHandler.nioEventLoopGroup-27-1 [59] - 收到消息...
[ INFO ] [2015-09-24 16:35:14] com.tiza.handler.tlbs.TlbsHandler.nioEventLoopGroup-27-1 [94] - ip: 192.168.1.53, port: 8089
[ INFO ] [2015-09-24 16:35:15] com.tiza.client.GwClient.pool-1-thread-1 [69] - 正在重连...
[ INFO ] [2015-09-24 16:35:25] com.tiza.handler.tlbs.TlbsHandler.nioEventLoopGroup-29-1 [37] - 建立连接...
[ INFO ] [2015-09-24 16:35:25] com.tiza.handler.tlbs.TlbsHandler.nioEventLoopGroup-29-1 [53] - 发送登录指令...
[ INFO ] [2015-09-24 16:35:25] com.tiza.handler.tlbs.TlbsHandler.nioEventLoopGroup-29-1 [59] - 收到消息...
[ INFO ] [2015-09-24 16:35:25] com.tiza.handler.tlbs.TlbsHandler.nioEventLoopGroup-29-1 [94] - ip: 192.168.1.53, port: 8089
[ INFO ] [2015-09-24 16:35:26] com.tiza.client.GwClient.pool-1-thread-1 [69] - 正在重连...
[ INFO ] [2015-09-24 16:35:36] com.tiza.handler.tlbs.TlbsHandler.nioEventLoopGroup-31-1 [37] - 建立连接...
[ INFO ] [2015-09-24 16:35:36] com.tiza.handler.tlbs.TlbsHandler.nioEventLoopGroup-31-1 [53] - 发送登录指令...
[ INFO ] [2015-09-24 16:35:36] com.tiza.handler.tlbs.TlbsHandler.nioEventLoopGroup-31-1 [59] - 收到消息...
[ INFO ] [2015-09-24 16:35:36] com.tiza.handler.tlbs.TlbsHandler.nioEventLoopGroup-31-1 [94] - ip: 192.168.1.53, port: 8089
[ INFO ] [2015-09-24 16:35:37] com.tiza.client.GwClient.pool-1-thread-1 [69] - 正在重连...
[ INFO ] [2015-09-24 16:35:47] com.tiza.handler.tlbs.TlbsHandler.nioEventLoopGroup-33-1 [37] - 建立连接...
[ INFO ] [2015-09-24 16:35:47] com.tiza.handler.tlbs.TlbsHandler.nioEventLoopGroup-33-1 [53] - 发送登录指令...
[ INFO ] [2015-09-24 16:35:47] com.tiza.handler.tlbs.TlbsHandler.nioEventLoopGroup-33-1 [59] - 收到消息...
[ INFO ] [2015-09-24 16:35:47] com.tiza.handler.tlbs.TlbsHandler.nioEventLoopGroup-33-1 [94] - ip: 192.168.1.53, port: 8089
[ INFO ] [2015-09-24 16:35:47] com.tiza.handler.gateway.GwHandler.nioEventLoopGroup-34-1 [34] - 建立连接...
[ INFO ] [2015-09-24 16:36:34] com.tiza.client.GwClient.pool-1-thread-1 [69] - 正在重连...
[ INFO ] [2015-09-24 16:36:44] com.tiza.handler.tlbs.TlbsHandler.nioEventLoopGroup-35-1 [37] - 建立连接...
[ INFO ] [2015-09-24 16:36:44] com.tiza.handler.tlbs.TlbsHandler.nioEventLoopGroup-35-1 [53] - 发送登录指令...
[ INFO ] [2015-09-24 16:36:44] com.tiza.handler.tlbs.TlbsHandler.nioEventLoopGroup-35-1 [59] - 收到消息...
[ INFO ] [2015-09-24 16:36:44] com.tiza.handler.tlbs.TlbsHandler.nioEventLoopGroup-35-1 [94] - ip: 192.168.1.53, port: 8089
[ INFO ] [2015-09-24 16:36:44] com.tiza.handler.gateway.GwHandler.nioEventLoopGroup-36-1 [34] - 建立连接...
[ INFO ] [2015-09-24 16:37:34] com.tiza.client.GwClient.pool-1-thread-1 [69] - 正在重连...
[ INFO ] [2015-09-24 17:04:06] com.tiza.handler.tlbs.TlbsHandler.nioEventLoopGroup-2-1 [37] - 建立连接...
[ INFO ] [2015-09-24 17:04:09] com.tiza.handler.tlbs.TlbsHandler.nioEventLoopGroup-2-1 [53] - 发送登录指令...
[ INFO ] [2015-09-24 17:04:09] com.tiza.handler.tlbs.TlbsHandler.nioEventLoopGroup-2-1 [59] - 收到消息...
[ INFO ] [2015-09-24 17:04:09] com.tiza.handler.tlbs.TlbsHandler.nioEventLoopGroup-2-1 [94] - ip: 192.168.1.53, port: 8089
[ INFO ] [2015-09-24 17:04:09] com.tiza.handler.gateway.GwHandler.nioEventLoopGroup-3-1 [34] - 建立连接...
[ INFO ] [2015-09-24 17:05:43] com.tiza.client.GwClient.pool-1-thread-1 [69] - 正在重连...
[ INFO ] [2015-09-24 17:05:53] com.tiza.handler.tlbs.TlbsHandler.nioEventLoopGroup-4-1 [37] - 建立连接...
[ INFO ] [2015-09-24 17:05:53] com.tiza.handler.tlbs.TlbsHandler.nioEventLoopGroup-4-1 [53] - 发送登录指令...
[ INFO ] [2015-09-24 17:05:53] com.tiza.handler.tlbs.TlbsHandler.nioEventLoopGroup-4-1 [59] - 收到消息...
[ INFO ] [2015-09-24 17:05:53] com.tiza.handler.tlbs.TlbsHandler.nioEventLoopGroup-4-1 [111] - 10秒后准备重连...
[ INFO ] [2015-09-24 17:06:03] com.tiza.handler.tlbs.TlbsHandler.nioEventLoopGroup-5-1 [37] - 建立连接...
[ INFO ] [2015-09-24 17:06:03] com.tiza.handler.tlbs.TlbsHandler.nioEventLoopGroup-5-1 [53] - 发送登录指令...
[ INFO ] [2015-09-24 17:06:03] com.tiza.handler.tlbs.TlbsHandler.nioEventLoopGroup-5-1 [59] - 收到消息...
[ INFO ] [2015-09-24 17:06:03] com.tiza.handler.tlbs.TlbsHandler.nioEventLoopGroup-5-1 [111] - 10秒后准备重连...
[ INFO ] [2015-09-24 17:06:13] com.tiza.handler.tlbs.TlbsHandler.nioEventLoopGroup-6-1 [37] - 建立连接...
[ INFO ] [2015-09-24 17:06:13] com.tiza.handler.tlbs.TlbsHandler.nioEventLoopGroup-6-1 [53] - 发送登录指令...
[ INFO ] [2015-09-24 17:06:13] com.tiza.handler.tlbs.TlbsHandler.nioEventLoopGroup-6-1 [59] - 收到消息...
[ INFO ] [2015-09-24 17:06:13] com.tiza.handler.tlbs.TlbsHandler.nioEventLoopGroup-6-1 [111] - 10秒后准备重连...
[ INFO ] [2015-09-24 17:06:23] com.tiza.handler.tlbs.TlbsHandler.nioEventLoopGroup-7-1 [37] - 建立连接...
[ INFO ] [2015-09-24 17:06:23] com.tiza.handler.tlbs.TlbsHandler.nioEventLoopGroup-7-1 [53] - 发送登录指令...
[ INFO ] [2015-09-24 17:06:23] com.tiza.handler.tlbs.TlbsHandler.nioEventLoopGroup-7-1 [59] - 收到消息...
[ INFO ] [2015-09-24 17:06:23] com.tiza.handler.tlbs.TlbsHandler.nioEventLoopGroup-7-1 [111] - 10秒后准备重连...
[ INFO ] [2015-09-24 17:06:33] com.tiza.handler.tlbs.TlbsHandler.nioEventLoopGroup-8-1 [37] - 建立连接...
[ INFO ] [2015-09-24 17:06:33] com.tiza.handler.tlbs.TlbsHandler.nioEventLoopGroup-8-1 [53] - 发送登录指令...
[ INFO ] [2015-09-24 17:06:33] com.tiza.handler.tlbs.TlbsHandler.nioEventLoopGroup-8-1 [59] - 收到消息...
[ INFO ] [2015-09-24 17:06:33] com.tiza.handler.tlbs.TlbsHandler.nioEventLoopGroup-8-1 [111] - 10秒后准备重连...
[ INFO ] [2015-09-24 17:06:44] com.tiza.handler.tlbs.TlbsHandler.nioEventLoopGroup-9-1 [37] - 建立连接...
[ INFO ] [2015-09-24 17:06:44] com.tiza.handler.tlbs.TlbsHandler.nioEventLoopGroup-9-1 [53] - 发送登录指令...
[ INFO ] [2015-09-24 17:06:44] com.tiza.handler.tlbs.TlbsHandler.nioEventLoopGroup-9-1 [59] - 收到消息...
[ INFO ] [2015-09-24 17:06:44] com.tiza.handler.tlbs.TlbsHandler.nioEventLoopGroup-9-1 [111] - 10秒后准备重连...
[ INFO ] [2015-09-24 17:06:54] com.tiza.handler.tlbs.TlbsHandler.nioEventLoopGroup-10-1 [37] - 建立连接...
[ INFO ] [2015-09-24 17:06:54] com.tiza.handler.tlbs.TlbsHandler.nioEventLoopGroup-10-1 [53] - 发送登录指令...
[ INFO ] [2015-09-24 17:06:54] com.tiza.handler.tlbs.TlbsHandler.nioEventLoopGroup-10-1 [59] - 收到消息...
[ INFO ] [2015-09-24 17:06:54] com.tiza.handler.tlbs.TlbsHandler.nioEventLoopGroup-10-1 [111] - 10秒后准备重连...
[ INFO ] [2015-09-24 17:07:04] com.tiza.handler.tlbs.TlbsHandler.nioEventLoopGroup-11-1 [37] - 建立连接...
[ INFO ] [2015-09-24 17:07:04] com.tiza.handler.tlbs.TlbsHandler.nioEventLoopGroup-11-1 [53] - 发送登录指令...
[ INFO ] [2015-09-24 17:07:04] com.tiza.handler.tlbs.TlbsHandler.nioEventLoopGroup-11-1 [59] - 收到消息...
[ INFO ] [2015-09-24 17:07:04] com.tiza.handler.tlbs.TlbsHandler.nioEventLoopGroup-11-1 [111] - 10秒后准备重连...
[ INFO ] [2015-09-24 17:07:14] com.tiza.handler.tlbs.TlbsHandler.nioEventLoopGroup-12-1 [37] - 建立连接...
[ INFO ] [2015-09-24 17:07:14] com.tiza.handler.tlbs.TlbsHandler.nioEventLoopGroup-12-1 [53] - 发送登录指令...
[ INFO ] [2015-09-24 17:07:14] com.tiza.handler.tlbs.TlbsHandler.nioEventLoopGroup-12-1 [59] - 收到消息...
[ INFO ] [2015-09-24 17:07:14] com.tiza.handler.tlbs.TlbsHandler.nioEventLoopGroup-12-1 [111] - 10秒后准备重连...
[ INFO ] [2015-09-24 17:07:24] com.tiza.handler.tlbs.TlbsHandler.nioEventLoopGroup-13-1 [37] - 建立连接...
[ INFO ] [2015-09-24 17:07:24] com.tiza.handler.tlbs.TlbsHandler.nioEventLoopGroup-13-1 [53] - 发送登录指令...
[ INFO ] [2015-09-24 17:07:24] com.tiza.handler.tlbs.TlbsHandler.nioEventLoopGroup-13-1 [59] - 收到消息...
[ INFO ] [2015-09-24 17:07:24] com.tiza.handler.tlbs.TlbsHandler.nioEventLoopGroup-13-1 [111] - 10秒后准备重连...
[ INFO ] [2015-09-24 17:07:34] com.tiza.handler.tlbs.TlbsHandler.nioEventLoopGroup-14-1 [37] - 建立连接...
[ INFO ] [2015-09-24 17:07:34] com.tiza.handler.tlbs.TlbsHandler.nioEventLoopGroup-14-1 [53] - 发送登录指令...
[ INFO ] [2015-09-24 17:07:34] com.tiza.handler.tlbs.TlbsHandler.nioEventLoopGroup-14-1 [59] - 收到消息...
[ INFO ] [2015-09-24 17:07:34] com.tiza.handler.tlbs.TlbsHandler.nioEventLoopGroup-14-1 [111] - 10秒后准备重连...
[ INFO ] [2015-09-24 17:09:15] com.tiza.handler.tlbs.TlbsHandler.nioEventLoopGroup-2-1 [37] - 建立连接...
[ INFO ] [2015-09-24 17:09:16] com.tiza.handler.tlbs.TlbsHandler.nioEventLoopGroup-2-1 [53] - 发送登录指令...
[ INFO ] [2015-09-24 17:09:16] com.tiza.handler.tlbs.TlbsHandler.nioEventLoopGroup-2-1 [59] - 收到消息...
[ INFO ] [2015-09-24 17:09:16] com.tiza.handler.tlbs.TlbsHandler.nioEventLoopGroup-2-1 [94] - ip: 192.168.1.53, port: 8089
[ INFO ] [2015-09-24 17:09:16] com.tiza.handler.gateway.GwHandler.nioEventLoopGroup-3-1 [34] - 建立连接...
[ INFO ] [2015-09-24 17:09:16] com.tiza.client.GwClient.pool-1-thread-1 [69] - 正在重连...
[ INFO ] [2015-09-24 17:09:26] com.tiza.handler.tlbs.TlbsHandler.nioEventLoopGroup-4-1 [37] - 建立连接...
[ INFO ] [2015-09-24 17:09:26] com.tiza.handler.tlbs.TlbsHandler.nioEventLoopGroup-4-1 [53] - 发送登录指令...
[ INFO ] [2015-09-24 17:09:26] com.tiza.handler.tlbs.TlbsHandler.nioEventLoopGroup-4-1 [59] - 收到消息...
[ INFO ] [2015-09-24 17:09:26] com.tiza.handler.tlbs.TlbsHandler.nioEventLoopGroup-4-1 [94] - ip: 192.168.1.53, port: 8089
[ INFO ] [2015-09-24 17:09:26] com.tiza.handler.gateway.GwHandler.nioEventLoopGroup-5-1 [34] - 建立连接...
[ INFO ] [2015-09-24 17:09:26] com.tiza.client.GwClient.pool-1-thread-1 [69] - 正在重连...
[ INFO ] [2015-09-24 17:09:36] com.tiza.handler.tlbs.TlbsHandler.nioEventLoopGroup-6-1 [37] - 建立连接...
[ INFO ] [2015-09-24 17:09:37] com.tiza.handler.tlbs.TlbsHandler.nioEventLoopGroup-6-1 [53] - 发送登录指令...
[ INFO ] [2015-09-24 17:09:37] com.tiza.handler.tlbs.TlbsHandler.nioEventLoopGroup-6-1 [59] - 收到消息...
[ INFO ] [2015-09-24 17:09:37] com.tiza.handler.tlbs.TlbsHandler.nioEventLoopGroup-6-1 [94] - ip: 192.168.1.53, port: 8089
[ INFO ] [2015-09-24 17:09:37] com.tiza.handler.gateway.GwHandler.nioEventLoopGroup-7-1 [34] - 建立连接...
[ INFO ] [2015-09-24 17:09:37] com.tiza.client.GwClient.pool-1-thread-1 [69] - 正在重连...
[ INFO ] [2015-09-24 17:09:47] com.tiza.handler.tlbs.TlbsHandler.nioEventLoopGroup-8-1 [37] - 建立连接...
[ INFO ] [2015-09-24 17:09:47] com.tiza.handler.tlbs.TlbsHandler.nioEventLoopGroup-8-1 [53] - 发送登录指令...
[ INFO ] [2015-09-24 17:09:47] com.tiza.handler.tlbs.TlbsHandler.nioEventLoopGroup-8-1 [59] - 收到消息...
[ INFO ] [2015-09-24 17:09:47] com.tiza.handler.tlbs.TlbsHandler.nioEventLoopGroup-8-1 [94] - ip: 192.168.1.53, port: 8089
[ INFO ] [2015-09-24 17:09:47] com.tiza.handler.gateway.GwHandler.nioEventLoopGroup-9-1 [34] - 建立连接...
[ INFO ] [2015-09-24 17:09:47] com.tiza.client.GwClient.pool-1-thread-1 [69] - 正在重连...
[ INFO ] [2015-09-24 17:09:57] com.tiza.handler.tlbs.TlbsHandler.nioEventLoopGroup-10-1 [37] - 建立连接...
[ INFO ] [2015-09-24 17:09:57] com.tiza.handler.tlbs.TlbsHandler.nioEventLoopGroup-10-1 [53] - 发送登录指令...
[ INFO ] [2015-09-24 17:09:57] com.tiza.handler.tlbs.TlbsHandler.nioEventLoopGroup-10-1 [59] - 收到消息...
[ INFO ] [2015-09-24 17:09:57] com.tiza.handler.tlbs.TlbsHandler.nioEventLoopGroup-10-1 [94] - ip: 192.168.1.53, port: 8089
[ INFO ] [2015-09-24 17:09:57] com.tiza.handler.gateway.GwHandler.nioEventLoopGroup-11-1 [34] - 建立连接...
[ INFO ] [2015-09-24 17:09:57] com.tiza.client.GwClient.pool-1-thread-1 [69] - 正在重连...
[ INFO ] [2015-09-24 17:10:07] com.tiza.handler.tlbs.TlbsHandler.nioEventLoopGroup-12-1 [37] - 建立连接...
[ INFO ] [2015-09-24 17:10:07] com.tiza.handler.tlbs.TlbsHandler.nioEventLoopGroup-12-1 [53] - 发送登录指令...
[ INFO ] [2015-09-24 17:10:07] com.tiza.handler.tlbs.TlbsHandler.nioEventLoopGroup-12-1 [59] - 收到消息...
[ INFO ] [2015-09-24 17:10:07] com.tiza.handler.tlbs.TlbsHandler.nioEventLoopGroup-12-1 [94] - ip: 192.168.1.53, port: 8089
[ INFO ] [2015-09-24 17:10:07] com.tiza.handler.gateway.GwHandler.nioEventLoopGroup-13-1 [34] - 建立连接...
[ INFO ] [2015-09-24 17:10:07] com.tiza.client.GwClient.pool-1-thread-1 [69] - 正在重连...
[ INFO ] [2015-09-24 17:10:17] com.tiza.handler.tlbs.TlbsHandler.nioEventLoopGroup-14-1 [37] - 建立连接...
[ INFO ] [2015-09-24 17:10:17] com.tiza.handler.tlbs.TlbsHandler.nioEventLoopGroup-14-1 [53] - 发送登录指令...
[ INFO ] [2015-09-24 17:10:17] com.tiza.handler.tlbs.TlbsHandler.nioEventLoopGroup-14-1 [59] - 收到消息...
[ INFO ] [2015-09-24 17:10:17] com.tiza.handler.tlbs.TlbsHandler.nioEventLoopGroup-14-1 [111] - 10秒后准备重连...
[ INFO ] [2015-09-24 17:10:27] com.tiza.handler.tlbs.TlbsHandler.nioEventLoopGroup-15-1 [37] - 建立连接...
[ INFO ] [2015-09-24 17:10:27] com.tiza.handler.tlbs.TlbsHandler.nioEventLoopGroup-15-1 [53] - 发送登录指令...
[ INFO ] [2015-09-24 17:10:27] com.tiza.handler.tlbs.TlbsHandler.nioEventLoopGroup-15-1 [59] - 收到消息...
[ INFO ] [2015-09-24 17:10:27] com.tiza.handler.tlbs.TlbsHandler.nioEventLoopGroup-15-1 [111] - 10秒后准备重连...
[ INFO ] [2015-09-24 17:10:37] com.tiza.handler.tlbs.TlbsHandler.nioEventLoopGroup-16-1 [37] - 建立连接...
[ INFO ] [2015-09-24 17:10:37] com.tiza.handler.tlbs.TlbsHandler.nioEventLoopGroup-16-1 [53] - 发送登录指令...
[ INFO ] [2015-09-24 17:10:37] com.tiza.handler.tlbs.TlbsHandler.nioEventLoopGroup-16-1 [59] - 收到消息...
[ INFO ] [2015-09-24 17:10:37] com.tiza.handler.tlbs.TlbsHandler.nioEventLoopGroup-16-1 [94] - ip: 192.168.1.53, port: 8089
[ INFO ] [2015-09-24 17:10:37] com.tiza.handler.gateway.GwHandler.nioEventLoopGroup-17-1 [34] - 建立连接...
[ INFO ] [2015-09-24 17:11:57] com.tiza.client.GwClient.pool-1-thread-1 [69] - 正在重连...
[ INFO ] [2015-09-24 17:12:07] com.tiza.handler.tlbs.TlbsHandler.nioEventLoopGroup-18-1 [37] - 建立连接...
[ INFO ] [2015-09-24 17:12:07] com.tiza.handler.tlbs.TlbsHandler.nioEventLoopGroup-18-1 [53] - 发送登录指令...
[ INFO ] [2015-09-24 17:12:07] com.tiza.handler.tlbs.TlbsHandler.nioEventLoopGroup-18-1 [59] - 收到消息...
[ INFO ] [2015-09-24 17:12:07] com.tiza.handler.tlbs.TlbsHandler.nioEventLoopGroup-18-1 [111] - 10秒后准备重连...
[ INFO ] [2015-09-24 17:12:17] com.tiza.handler.tlbs.TlbsHandler.nioEventLoopGroup-19-1 [37] - 建立连接...
[ INFO ] [2015-09-24 17:12:17] com.tiza.handler.tlbs.TlbsHandler.nioEventLoopGroup-19-1 [53] - 发送登录指令...
[ INFO ] [2015-09-24 17:12:17] com.tiza.handler.tlbs.TlbsHandler.nioEventLoopGroup-19-1 [59] - 收到消息...
[ INFO ] [2015-09-24 17:12:17] com.tiza.handler.tlbs.TlbsHandler.nioEventLoopGroup-19-1 [94] - ip: 192.168.1.53, port: 8089
[ INFO ] [2015-09-24 17:12:17] com.tiza.handler.gateway.GwHandler.nioEventLoopGroup-20-1 [34] - 建立连接...
[ INFO ] [2015-09-24 17:14:25] com.tiza.client.GwClient.pool-1-thread-1 [69] - 正在重连...
[ INFO ] [2015-09-24 17:14:47] com.tiza.handler.tlbs.TlbsHandler.nioEventLoopGroup-21-1 [37] - 建立连接...
[ INFO ] [2015-09-24 17:14:47] com.tiza.handler.tlbs.TlbsHandler.nioEventLoopGroup-21-1 [53] - 发送登录指令...
[ INFO ] [2015-09-24 17:14:47] com.tiza.handler.tlbs.TlbsHandler.nioEventLoopGroup-21-1 [59] - 收到消息...
[ INFO ] [2015-09-24 17:14:47] com.tiza.handler.tlbs.TlbsHandler.nioEventLoopGroup-21-1 [94] - ip: 192.168.1.53, port: 8089
[ INFO ] [2015-09-24 17:14:54] com.tiza.handler.gateway.GwHandler.nioEventLoopGroup-22-1 [34] - 建立连接...
[ INFO ] [2015-09-24 17:18:18] com.tiza.handler.gateway.GwHandler.nioEventLoopGroup-22-1 [63] - 收到消息...
[ INFO ] [2015-09-24 17:18:30] com.tiza.client.GwClient.pool-1-thread-1 [69] - 正在重连...
[ INFO ] [2015-09-24 17:18:43] com.tiza.handler.tlbs.TlbsHandler.nioEventLoopGroup-23-1 [37] - 建立连接...
[ INFO ] [2015-09-24 17:18:43] com.tiza.handler.tlbs.TlbsHandler.nioEventLoopGroup-23-1 [53] - 发送登录指令...
[ INFO ] [2015-09-24 17:18:43] com.tiza.handler.tlbs.TlbsHandler.nioEventLoopGroup-23-1 [59] - 收到消息...
[ INFO ] [2015-09-24 17:18:43] com.tiza.handler.tlbs.TlbsHandler.nioEventLoopGroup-23-1 [94] - ip: 192.168.1.53, port: 8089
[ INFO ] [2015-09-24 17:18:43] com.tiza.handler.gateway.GwHandler.nioEventLoopGroup-24-1 [34] - 建立连接...
[ INFO ] [2015-09-24 17:19:51] com.tiza.handler.tlbs.TlbsHandler.nioEventLoopGroup-2-1 [37] - 建立连接...
[ INFO ] [2015-09-24 17:19:52] com.tiza.handler.tlbs.TlbsHandler.nioEventLoopGroup-2-1 [53] - 发送登录指令...
[ INFO ] [2015-09-24 17:19:52] com.tiza.handler.tlbs.TlbsHandler.nioEventLoopGroup-2-1 [59] - 收到消息...
[ INFO ] [2015-09-24 17:19:52] com.tiza.handler.tlbs.TlbsHandler.nioEventLoopGroup-2-1 [94] - ip: 192.168.1.53, port: 8089
[ INFO ] [2015-09-24 17:19:54] com.tiza.handler.gateway.GwHandler.nioEventLoopGroup-3-1 [34] - 建立连接...
[ INFO ] [2015-09-24 17:20:11] com.tiza.handler.gateway.GwHandler.nioEventLoopGroup-3-1 [63] - 收到消息...
