[ INFO ] [2015-09-28 11:06:18] com.tiza.handler.tlbs.TlbsHandler.nioEventLoopGroup-2-1 [37] - 建立连接...
[ INFO ] [2015-09-28 11:06:21] com.tiza.handler.tlbs.TlbsHandler.nioEventLoopGroup-2-1 [53] - 发送登录指令...
[ INFO ] [2015-09-28 11:06:21] com.tiza.handler.tlbs.TlbsHandler.nioEventLoopGroup-2-1 [59] - 收到消息...
[ INFO ] [2015-09-28 11:06:21] com.tiza.handler.tlbs.TlbsHandler.nioEventLoopGroup-2-1 [111] - 10秒后准备重连...
[ INFO ] [2015-09-28 11:06:31] com.tiza.handler.tlbs.TlbsHandler.nioEventLoopGroup-3-1 [37] - 建立连接...
[ INFO ] [2015-09-28 11:06:31] com.tiza.handler.tlbs.TlbsHandler.nioEventLoopGroup-3-1 [53] - 发送登录指令...
[ INFO ] [2015-09-28 11:06:31] com.tiza.handler.tlbs.TlbsHandler.nioEventLoopGroup-3-1 [59] - 收到消息...
[ INFO ] [2015-09-28 11:06:31] com.tiza.handler.tlbs.TlbsHandler.nioEventLoopGroup-3-1 [94] - ip: 192.168.1.19, port: 8888
[ INFO ] [2015-09-28 11:06:31] com.tiza.handler.gateway.GwHandler.nioEventLoopGroup-4-1 [34] - 建立连接...
[ INFO ] [2015-09-28 11:07:43] com.tiza.handler.gateway.GwHandler.nioEventLoopGroup-4-1 [64] - 收到消息...
[ INFO ] [2015-09-28 11:07:51] com.tiza.handler.gateway.GwHandler.nioEventLoopGroup-4-1 [77] - 收到登录成功应答...
[ INFO ] [2015-09-28 11:07:54] com.tiza.handler.gateway.GwHandler.nioEventLoopGroup-4-1 [46] - 发送数据到网关...
[ INFO ] [2015-09-28 11:08:04] com.tiza.handler.gateway.GwHandler.nioEventLoopGroup-4-1 [46] - 发送数据到网关...
[ INFO ] [2015-09-28 11:08:14] com.tiza.handler.gateway.GwHandler.nioEventLoopGroup-4-1 [46] - 发送数据到网关...
[ INFO ] [2015-09-28 11:08:24] com.tiza.handler.gateway.GwHandler.nioEventLoopGroup-4-1 [46] - 发送数据到网关...
[ INFO ] [2015-09-28 11:13:52] com.tiza.handler.tlbs.TlbsHandler.nioEventLoopGroup-2-1 [37] - 建立连接...
[ INFO ] [2015-09-28 11:13:55] com.tiza.handler.tlbs.TlbsHandler.nioEventLoopGroup-2-1 [53] - 发送登录指令...
[ INFO ] [2015-09-28 11:13:55] com.tiza.handler.tlbs.TlbsHandler.nioEventLoopGroup-2-1 [59] - 收到消息...
[ INFO ] [2015-09-28 11:13:55] com.tiza.handler.tlbs.TlbsHandler.nioEventLoopGroup-2-1 [94] - ip: 192.168.1.19, port: 8888
[ INFO ] [2015-09-28 11:13:55] com.tiza.client.Forward.main [47] - 转发位置数据...
[ INFO ] [2015-09-28 11:13:55] com.tiza.handler.gateway.GwHandler.nioEventLoopGroup-3-1 [34] - 建立连接...
[ INFO ] [2015-09-28 11:14:20] com.tiza.handler.gateway.GwHandler.nioEventLoopGroup-3-1 [64] - 收到消息...
[ INFO ] [2015-09-28 11:14:20] com.tiza.handler.gateway.GwHandler.nioEventLoopGroup-3-1 [77] - 登录网关成功...
[ INFO ] [2015-09-28 11:14:26] com.tiza.handler.gateway.GwHandler.nioEventLoopGroup-3-1 [46] - 发送数据到网关...
[ INFO ] [2015-09-28 11:16:05] com.tiza.handler.gateway.GwHandler.nioEventLoopGroup-3-1 [46] - 发送数据到网关...
[ INFO ] [2015-09-28 11:16:21] com.tiza.handler.gateway.GwHandler.nioEventLoopGroup-3-1 [46] - 发送数据到网关...
[ INFO ] [2015-09-28 11:16:31] com.tiza.handler.gateway.GwHandler.nioEventLoopGroup-3-1 [46] - 发送数据到网关...
[ INFO ] [2015-09-28 11:16:41] com.tiza.handler.gateway.GwHandler.nioEventLoopGroup-3-1 [46] - 发送数据到网关...
[ INFO ] [2015-09-28 11:23:07] com.tiza.handler.tlbs.TlbsHandler.nioEventLoopGroup-2-1 [37] - 建立连接...
[ INFO ] [2015-09-28 11:23:09] com.tiza.handler.tlbs.TlbsHandler.nioEventLoopGroup-2-1 [53] - 发送登录指令...
[ INFO ] [2015-09-28 11:23:09] com.tiza.handler.tlbs.TlbsHandler.nioEventLoopGroup-2-1 [59] - 收到消息...
[ INFO ] [2015-09-28 11:23:09] com.tiza.handler.tlbs.TlbsHandler.nioEventLoopGroup-2-1 [94] - ip: 192.168.1.19, port: 8888
[ INFO ] [2015-09-28 11:23:09] com.tiza.client.Forward.main [47] - 转发位置数据...
[ INFO ] [2015-09-28 11:23:10] com.tiza.handler.gateway.GwHandler.nioEventLoopGroup-3-1 [34] - 建立连接...
[ INFO ] [2015-09-28 11:23:57] com.tiza.handler.tlbs.TlbsHandler.nioEventLoopGroup-2-1 [37] - 建立连接...
[ INFO ] [2015-09-28 11:23:58] com.tiza.handler.tlbs.TlbsHandler.nioEventLoopGroup-2-1 [53] - 发送登录指令...
[ INFO ] [2015-09-28 11:23:58] com.tiza.handler.tlbs.TlbsHandler.nioEventLoopGroup-2-1 [59] - 收到消息...
[ INFO ] [2015-09-28 11:23:58] com.tiza.handler.tlbs.TlbsHandler.nioEventLoopGroup-2-1 [111] - 10秒后准备重连...
[ INFO ] [2015-09-28 11:23:58] com.tiza.client.Forward.main [47] - 转发位置数据...
[ INFO ] [2015-09-28 11:24:08] com.tiza.handler.tlbs.TlbsHandler.nioEventLoopGroup-3-1 [37] - 建立连接...
[ INFO ] [2015-09-28 11:24:08] com.tiza.handler.tlbs.TlbsHandler.nioEventLoopGroup-3-1 [53] - 发送登录指令...
[ INFO ] [2015-09-28 11:24:08] com.tiza.handler.tlbs.TlbsHandler.nioEventLoopGroup-3-1 [59] - 收到消息...
[ INFO ] [2015-09-28 11:24:08] com.tiza.handler.tlbs.TlbsHandler.nioEventLoopGroup-3-1 [111] - 10秒后准备重连...
[ INFO ] [2015-09-28 11:24:18] com.tiza.handler.tlbs.TlbsHandler.nioEventLoopGroup-4-1 [37] - 建立连接...
[ INFO ] [2015-09-28 11:24:18] com.tiza.handler.tlbs.TlbsHandler.nioEventLoopGroup-4-1 [53] - 发送登录指令...
[ INFO ] [2015-09-28 11:24:18] com.tiza.handler.tlbs.TlbsHandler.nioEventLoopGroup-4-1 [59] - 收到消息...
[ INFO ] [2015-09-28 11:24:18] com.tiza.handler.tlbs.TlbsHandler.nioEventLoopGroup-4-1 [94] - ip: 192.168.1.19, port: 8888
[ INFO ] [2015-09-28 11:24:18] com.tiza.handler.gateway.GwHandler.nioEventLoopGroup-5-1 [34] - 建立连接...
[ INFO ] [2015-09-28 11:24:24] com.tiza.handler.gateway.GwHandler.nioEventLoopGroup-5-1 [64] - 收到消息...
[ INFO ] [2015-09-28 11:24:24] com.tiza.handler.gateway.GwHandler.nioEventLoopGroup-5-1 [77] - 登录网关成功...
[ INFO ] [2015-09-28 11:24:29] com.tiza.handler.gateway.GwHandler.nioEventLoopGroup-5-1 [46] - 发送数据到网关...
[ INFO ] [2015-09-28 11:24:39] com.tiza.handler.gateway.GwHandler.nioEventLoopGroup-5-1 [46] - 发送数据到网关...
[ INFO ] [2015-09-28 11:24:49] com.tiza.handler.gateway.GwHandler.nioEventLoopGroup-5-1 [46] - 发送数据到网关...
[ INFO ] [2015-09-28 11:24:59] com.tiza.handler.gateway.GwHandler.nioEventLoopGroup-5-1 [46] - 发送数据到网关...
[ INFO ] [2015-09-28 11:25:09] com.tiza.handler.gateway.GwHandler.nioEventLoopGroup-5-1 [46] - 发送数据到网关...
[ INFO ] [2015-09-28 11:25:19] com.tiza.handler.gateway.GwHandler.nioEventLoopGroup-5-1 [46] - 发送数据到网关...
[ INFO ] [2015-09-28 11:25:29] com.tiza.handler.gateway.GwHandler.nioEventLoopGroup-5-1 [46] - 发送数据到网关...
[ INFO ] [2015-09-28 11:25:39] com.tiza.handler.gateway.GwHandler.nioEventLoopGroup-5-1 [46] - 发送数据到网关...
[ INFO ] [2015-09-28 11:25:49] com.tiza.handler.gateway.GwHandler.nioEventLoopGroup-5-1 [46] - 发送数据到网关...
[ INFO ] [2015-09-28 11:25:59] com.tiza.handler.gateway.GwHandler.nioEventLoopGroup-5-1 [46] - 发送数据到网关...
[ INFO ] [2015-09-28 11:26:08] com.tiza.handler.gateway.GwHandler.nioEventLoopGroup-5-1 [64] - 收到消息...
[ INFO ] [2015-09-28 11:26:08] com.tiza.handler.gateway.GwHandler.nioEventLoopGroup-5-1 [77] - 登录网关成功...
[ INFO ] [2015-09-28 11:26:09] com.tiza.handler.gateway.GwHandler.nioEventLoopGroup-5-1 [46] - 发送数据到网关...
[ INFO ] [2015-09-28 11:26:19] com.tiza.handler.gateway.GwHandler.nioEventLoopGroup-5-1 [46] - 发送数据到网关...
[ INFO ] [2015-09-28 11:26:29] com.tiza.handler.gateway.GwHandler.nioEventLoopGroup-5-1 [46] - 发送数据到网关...
[ INFO ] [2015-09-28 11:26:39] com.tiza.handler.gateway.GwHandler.nioEventLoopGroup-5-1 [46] - 发送数据到网关...
[ INFO ] [2015-09-28 11:26:49] com.tiza.handler.gateway.GwHandler.nioEventLoopGroup-5-1 [46] - 发送数据到网关...
[ INFO ] [2015-09-28 11:26:59] com.tiza.handler.gateway.GwHandler.nioEventLoopGroup-5-1 [46] - 发送数据到网关...
[ INFO ] [2015-09-28 11:27:09] com.tiza.handler.gateway.GwHandler.nioEventLoopGroup-5-1 [46] - 发送数据到网关...
[ INFO ] [2015-09-28 11:27:19] com.tiza.handler.gateway.GwHandler.nioEventLoopGroup-5-1 [46] - 发送数据到网关...
[ INFO ] [2015-09-28 13:46:04] com.tiza.handler.tlbs.TlbsHandler.nioEventLoopGroup-2-1 [37] - 建立连接...
[ INFO ] [2015-09-28 13:46:08] com.tiza.handler.tlbs.TlbsHandler.nioEventLoopGroup-2-1 [53] - 发送登录指令...
[ INFO ] [2015-09-28 13:46:09] com.tiza.handler.tlbs.TlbsHandler.nioEventLoopGroup-2-1 [59] - 收到消息...
[ INFO ] [2015-09-28 13:46:09] com.tiza.handler.tlbs.TlbsHandler.nioEventLoopGroup-2-1 [111] - 10秒后准备重连...
[ INFO ] [2015-09-28 13:46:09] com.tiza.client.Forward.main [60] - 转发位置数据...
[ INFO ] [2015-09-28 13:46:19] com.tiza.handler.tlbs.TlbsHandler.nioEventLoopGroup-3-1 [37] - 建立连接...
[ INFO ] [2015-09-28 13:46:19] com.tiza.handler.tlbs.TlbsHandler.nioEventLoopGroup-3-1 [53] - 发送登录指令...
[ INFO ] [2015-09-28 13:46:19] com.tiza.handler.tlbs.TlbsHandler.nioEventLoopGroup-3-1 [59] - 收到消息...
[ INFO ] [2015-09-28 13:46:19] com.tiza.handler.tlbs.TlbsHandler.nioEventLoopGroup-3-1 [111] - 10秒后准备重连...
